<?xml version="1.0" encoding="UTF-8"?>
<!-- Generated by org.testng.reporters.JUnitXMLReporter -->
<testsuite ignored="7" hostname="Deepshri_laptop" failures="0" tests="1" name="Default test" time="4.374" errors="0" timestamp="2024-03-20T15:59:26 CDT">
  <testcase classname="api.tests.GitCRUDTests" name="test_createRepo" time="3.497"/>
  <testcase classname="api.tests.GitCRUDTests" name="test_DeleteRepoByNonexistingName" time="0.0">
    <ignored/>
  </testcase> <!-- test_DeleteRepoByNonexistingName -->
  <testcase classname="api.tests.GitCRUDTests" name="test_DeleteRepoByName" time="0.0">
    <ignored/>
  </testcase> <!-- test_DeleteRepoByName -->
  <testcase classname="api.tests.GitCRUDTests" name="test_UpdateRepoName" time="0.0">
    <ignored/>
  </testcase> <!-- test_UpdateRepoName -->
  <testcase classname="api.tests.GitCRUDTests" name="test_createRepowithExistingName" time="0.0">
    <ignored/>
  </testcase> <!-- test_createRepowithExistingName -->
  <testcase classname="api.tests.GitCRUDTests" name="test_GetAllRepo" time="0.0">
    <ignored/>
  </testcase> <!-- test_GetAllRepo -->
  <testcase classname="api.tests.GitCRUDTests" name="test_singleRepowithNonExistingRepoName" time="0.0">
    <ignored/>
  </testcase> <!-- test_singleRepowithNonExistingRepoName -->
  <testcase classname="api.tests.GitCRUDTests" name="test_singleRepo" time="0.0">
    <ignored/>
  </testcase> <!-- test_singleRepo -->
</testsuite> <!-- Default test -->
