<?xml version="1.0" encoding="UTF-8"?>
<!-- Generated by org.testng.reporters.JUnitXMLReporter -->
<testsuite ignored="0" hostname="Deepshri_laptop" failures="1" tests="8" name="Test" time="5.961" errors="0" timestamp="2024-03-21T09:52:51 CDT">
  <testcase classname="api.tests.GitCRUDTests" name="test_GetAllRepo" time="2.367"/>
  <testcase classname="api.tests.GitCRUDTests" name="test_createRepo" time="1.27"/>
  <testcase classname="api.tests.GitCRUDTests" name="test_singleRepo" time="0.283"/>
  <testcase classname="api.tests.GitCRUDTests" name="test_createRepowithExistingName" time="0.278"/>
  <testcase classname="api.tests.GitCRUDTests" name="test_DeleteRepoByName" time="0.394"/>
  <testcase classname="api.tests.GitCRUDTests" name="test_DeleteRepoByNonexistingName" time="0.238"/>
  <testcase classname="api.tests.GitCRUDTests" name="test_singleRepowithNonExistingRepoName" time="0.185"/>
  <testcase classname="api.tests.GitCRUDTests" name="test_UpdateRepoName" time="0.2">
    <failure type="java.lang.AssertionError" message="expected:&amp;lt;307&amp;gt; but was:&amp;lt;200&amp;gt;">
      <![CDATA[java.lang.AssertionError: expected:<307> but was:<200>
at api.tests.GitCRUDTests.test_UpdateRepoName(GitCRUDTests.java:140)
at java.base/java.util.ArrayList.forEach(ArrayList.java:1511)
... Removed 32 stack frames]]>
    </failure>
  </testcase> <!-- test_UpdateRepoName -->
</testsuite> <!-- Test -->
